<?xml version="1.0" encoding="UTF-8"?>
<testsuite name="Validation Country" tests="6" skipped="0" failures="0" errors="0" timestamp="2022-05-11T01:55:21" hostname="W10-4PMPVPSLLVA" time="10.211">
  <properties/>
  <testcase name="Statistics Country #1" classname="Validation Country" time="6.538"/>
  <testcase name="Statistics Country #2" classname="Validation Country" time="0.761"/>
  <testcase name="Statistics Country #3" classname="Validation Country" time="0.77"/>
  <testcase name="Statistics Country #4" classname="Validation Country" time="0.65"/>
  <testcase name="Statistics Country #5" classname="Validation Country" time="0.63"/>
  <testcase name="Statistics Failed" classname="Validation Country" time="0.861"/>
  <system-out><![CDATA[
@test1
Scenario Outline: Statistics Country                      ?[90m# src/test/resources/features/CountryValidation.feature:11?[0m
20:55:21.799 [Test worker] INFO io.cucumber.core.plugin.SerenityReporter - Running feature from file:///C:/Users/Administrador/Desktop/ADL/Automatizacion/otros/prueba/src/test/resources/features/CountryValidation.feature
20:55:21.917 [Test worker] INFO  - 
  _____   ___   ___   _____     ___   _____     _     ___   _____   ___   ___  
 |_   _| | __| / __| |_   _|   / __| |_   _|   /_\   | _ \ |_   _| | __| |   \ 
   | |   | _|  \__ \   | |     \__ \   | |    / _ \  |   /   | |   | _|  | |) |
   |_|   |___| |___/   |_|     |___/   |_|   /_/ \_\ |_|_\   |_|   |___| |___/ 

Statistics Country(validation-country;statistics-country)
--------------------------------------------------------------------------------
20:55:21.986 [Test worker] DEBUG net.thucydides.core.requirements.model.cucumber.CucumberParser - Added feature Validation Country
  ?[32mGiven ?[0m?[32mRober wanna know the statistics abouts ?[0m?[32m?[1m"Colombia"?[0m ?[90m# com.iris.test.steps.GetStatisticsSteps.rober_wanna_know_the_statistics_abouts_countries(java.lang.String)?[0m
20:55:26.141 [Test worker] DEBUG org.apache.http.impl.conn.BasicClientConnectionManager - Get connection for route {s}->https://covid-19-coronavirus-statistics.p.rapidapi.com:443
20:55:26.397 [Test worker] DEBUG org.apache.http.impl.conn.DefaultClientConnectionOperator - Connecting to covid-19-coronavirus-statistics.p.rapidapi.com:443
20:55:27.058 [Test worker] DEBUG org.apache.http.client.protocol.RequestAddCookies - CookieSpec selected: ignoreCookies
20:55:27.061 [Test worker] DEBUG org.apache.http.client.protocol.RequestAuthCache - Auth cache not set in the context
20:55:27.061 [Test worker] DEBUG org.apache.http.client.protocol.RequestTargetAuthentication - Target auth state: UNCHALLENGED
20:55:27.062 [Test worker] DEBUG org.apache.http.client.protocol.RequestProxyAuthentication - Proxy auth state: UNCHALLENGED
20:55:27.062 [Test worker] DEBUG org.apache.http.impl.client.DefaultHttpClient - Attempt 1 to execute request
20:55:27.063 [Test worker] DEBUG org.apache.http.impl.conn.DefaultClientConnection - Sending request: GET /v1/total?country=Colombia HTTP/1.1
20:55:27.063 [Test worker] DEBUG org.apache.http.wire -  >> "GET /v1/total?country=Colombia HTTP/1.1[\r][\n]"
20:55:27.065 [Test worker] DEBUG org.apache.http.wire -  >> "X-RapidAPI-Host: covid-19-coronavirus-statistics.p.rapidapi.com[\r][\n]"
20:55:27.065 [Test worker] DEBUG org.apache.http.wire -  >> "Accept: */*[\r][\n]"
20:55:27.065 [Test worker] DEBUG org.apache.http.wire -  >> "X-RapidAPI-Key: d30d77bb95mshdb4af3149051b1bp1a1b2djsn9ae149a5c727[\r][\n]"
20:55:27.065 [Test worker] DEBUG org.apache.http.wire -  >> "Host: covid-19-coronavirus-statistics.p.rapidapi.com[\r][\n]"
20:55:27.066 [Test worker] DEBUG org.apache.http.wire -  >> "Connection: Keep-Alive[\r][\n]"
20:55:27.066 [Test worker] DEBUG org.apache.http.wire -  >> "User-Agent: Apache-HttpClient/4.5.13 (Java/11.0.15)[\r][\n]"
20:55:27.066 [Test worker] DEBUG org.apache.http.wire -  >> "Accept-Encoding: gzip,deflate[\r][\n]"
20:55:27.066 [Test worker] DEBUG org.apache.http.wire -  >> "[\r][\n]"
20:55:27.066 [Test worker] DEBUG org.apache.http.headers - >> GET /v1/total?country=Colombia HTTP/1.1
20:55:27.066 [Test worker] DEBUG org.apache.http.headers - >> X-RapidAPI-Host: covid-19-coronavirus-statistics.p.rapidapi.com
20:55:27.066 [Test worker] DEBUG org.apache.http.headers - >> Accept: */*
20:55:27.066 [Test worker] DEBUG org.apache.http.headers - >> X-RapidAPI-Key: d30d77bb95mshdb4af3149051b1bp1a1b2djsn9ae149a5c727
20:55:27.066 [Test worker] DEBUG org.apache.http.headers - >> Host: covid-19-coronavirus-statistics.p.rapidapi.com
20:55:27.066 [Test worker] DEBUG org.apache.http.headers - >> Connection: Keep-Alive
20:55:27.066 [Test worker] DEBUG org.apache.http.headers - >> User-Agent: Apache-HttpClient/4.5.13 (Java/11.0.15)
20:55:27.066 [Test worker] DEBUG org.apache.http.headers - >> Accept-Encoding: gzip,deflate
20:55:27.178 [Test worker] DEBUG org.apache.http.wire -  << "HTTP/1.1 200 OK[\r][\n]"
20:55:27.180 [Test worker] DEBUG org.apache.http.wire -  << "Content-Language: en[\r][\n]"
20:55:27.181 [Test worker] DEBUG org.apache.http.wire -  << "Content-Type: application/json; charset=utf-8[\r][\n]"
20:55:27.181 [Test worker] DEBUG org.apache.http.wire -  << "Date: Wed, 11 May 2022 01:55:27 GMT[\r][\n]"
20:55:27.181 [Test worker] DEBUG org.apache.http.wire -  << "Server: RapidAPI-1.2.8[\r][\n]"
20:55:27.181 [Test worker] DEBUG org.apache.http.wire -  << "X-Proxy-Cache: MISS[\r][\n]"
20:55:27.181 [Test worker] DEBUG org.apache.http.wire -  << "X-RapidAPI-Region: AWS - us-east-1[\r][\n]"
20:55:27.181 [Test worker] DEBUG org.apache.http.wire -  << "X-RapidAPI-Version: 1.2.8[\r][\n]"
20:55:27.181 [Test worker] DEBUG org.apache.http.wire -  << "Content-Length: 216[\r][\n]"
20:55:27.181 [Test worker] DEBUG org.apache.http.wire -  << "Connection: keep-alive[\r][\n]"
20:55:27.181 [Test worker] DEBUG org.apache.http.wire -  << "[\r][\n]"
20:55:27.183 [Test worker] DEBUG org.apache.http.impl.conn.DefaultClientConnection - Receiving response: HTTP/1.1 200 OK
20:55:27.183 [Test worker] DEBUG org.apache.http.headers - << HTTP/1.1 200 OK
20:55:27.183 [Test worker] DEBUG org.apache.http.headers - << Content-Language: en
20:55:27.183 [Test worker] DEBUG org.apache.http.headers - << Content-Type: application/json; charset=utf-8
20:55:27.183 [Test worker] DEBUG org.apache.http.headers - << Date: Wed, 11 May 2022 01:55:27 GMT
20:55:27.183 [Test worker] DEBUG org.apache.http.headers - << Server: RapidAPI-1.2.8
20:55:27.183 [Test worker] DEBUG org.apache.http.headers - << X-Proxy-Cache: MISS
20:55:27.183 [Test worker] DEBUG org.apache.http.headers - << X-RapidAPI-Region: AWS - us-east-1
20:55:27.183 [Test worker] DEBUG org.apache.http.headers - << X-RapidAPI-Version: 1.2.8
20:55:27.183 [Test worker] DEBUG org.apache.http.headers - << Content-Length: 216
20:55:27.183 [Test worker] DEBUG org.apache.http.headers - << Connection: keep-alive
20:55:27.189 [Test worker] DEBUG org.apache.http.impl.client.DefaultHttpClient - Connection can be kept alive indefinitely
20:55:27.207 [Test worker] DEBUG io.restassured.internal.RequestSpecificationImpl$RestAssuredHttpBuilder - Parsing response as: application/json; charset=utf-8
20:55:27.207 [Test worker] DEBUG io.restassured.internal.RequestSpecificationImpl$RestAssuredHttpBuilder - Parsed data to instance of: class org.apache.http.conn.EofSensorInputStream
20:55:27.258 [Test worker] DEBUG org.apache.http.wire -  << "{"error":false,"statusCode":200,"message":"OK","data":{"recovered":null,"deaths":139809,"confirmed":6093645,"lastChecked":"2022-05-11T00:58:08+00:00","lastReported":"2022-05-10T04:20:50+00:00","location":"Colombia"}}"
20:55:27.259 [Test worker] DEBUG org.apache.http.impl.conn.BasicClientConnectionManager - Releasing connection org.apache.http.impl.conn.ManagedClientConnectionImpl@66a472b9
20:55:27.259 [Test worker] DEBUG org.apache.http.impl.conn.BasicClientConnectionManager - Connection can be kept alive indefinitely
{"error":false,"statusCode":200,"message":"OK","data":{"recovered":null,"deaths":139809,"confirmed":6093645,"lastChecked":"2022-05-11T00:58:08+00:00","lastReported":"2022-05-10T04:20:50+00:00","location":"Colombia"}}
{"error":false,"statusCode":200,"message":"OK","data":{"recovered":null,"deaths":139809,"confirmed":6093645,"lastChecked":"2022-05-11T00:58:08+00:00","lastReported":"2022-05-10T04:20:50+00:00","location":"Colombia"}}
  ?[32mWhen ?[0m?[32mRober get the response?[0m                             ?[90m# com.iris.test.steps.GetStatisticsSteps.getTheResponse()?[0m
  ?[32mThen ?[0m?[32mRober validate the information?[0m                     ?[90m# com.iris.test.steps.GetStatisticsSteps.validateTheInformation()?[0m
20:55:28.158 [Test worker] INFO  - 
  _____   ___   ___   _____     ___     _     ___   ___   ___   ___  
 |_   _| | __| / __| |_   _|   | _ \   /_\   / __| / __| | __| |   \ 
   | |   | _|  \__ \   | |     |  _/  / _ \  \__ \ \__ \ | _|  | |) |
   |_|   |___| |___/   |_|     |_|   /_/ \_\ |___/ |___/ |___| |___/ 

Statistics Country
----------------------------------------------------------------------

@test1
Scenario Outline: Statistics Country                    ?[90m# src/test/resources/features/CountryValidation.feature:12?[0m
20:55:28.203 [Test worker] INFO io.cucumber.core.plugin.SerenityReporter - Running feature from file:///C:/Users/Administrador/Desktop/ADL/Automatizacion/otros/prueba/src/test/resources/features/CountryValidation.feature
  ?[32mGiven ?[0m?[32mRober wanna know the statistics abouts ?[0m?[32m?[1m"Mexico"?[0m ?[90m# com.iris.test.steps.GetStatisticsSteps.rober_wanna_know_the_statistics_abouts_countries(java.lang.String)?[0m
20:55:28.249 [Test worker] DEBUG org.apache.http.impl.conn.BasicClientConnectionManager - Get connection for route {s}->https://covid-19-coronavirus-statistics.p.rapidapi.com:443
20:55:28.249 [Test worker] DEBUG org.apache.http.impl.conn.DefaultClientConnectionOperator - Connecting to covid-19-coronavirus-statistics.p.rapidapi.com:443
20:55:28.760 [Test worker] DEBUG org.apache.http.client.protocol.RequestAddCookies - CookieSpec selected: ignoreCookies
20:55:28.760 [Test worker] DEBUG org.apache.http.client.protocol.RequestAuthCache - Auth cache not set in the context
20:55:28.761 [Test worker] DEBUG org.apache.http.client.protocol.RequestTargetAuthentication - Target auth state: UNCHALLENGED
20:55:28.761 [Test worker] DEBUG org.apache.http.client.protocol.RequestProxyAuthentication - Proxy auth state: UNCHALLENGED
20:55:28.762 [Test worker] DEBUG org.apache.http.impl.client.DefaultHttpClient - Attempt 1 to execute request
20:55:28.762 [Test worker] DEBUG org.apache.http.impl.conn.DefaultClientConnection - Sending request: GET /v1/total?country=Mexico HTTP/1.1
20:55:28.763 [Test worker] DEBUG org.apache.http.wire -  >> "GET /v1/total?country=Mexico HTTP/1.1[\r][\n]"
20:55:28.763 [Test worker] DEBUG org.apache.http.wire -  >> "X-RapidAPI-Host: covid-19-coronavirus-statistics.p.rapidapi.com[\r][\n]"
20:55:28.764 [Test worker] DEBUG org.apache.http.wire -  >> "Accept: */*[\r][\n]"
20:55:28.764 [Test worker] DEBUG org.apache.http.wire -  >> "X-RapidAPI-Key: d30d77bb95mshdb4af3149051b1bp1a1b2djsn9ae149a5c727[\r][\n]"
20:55:28.765 [Test worker] DEBUG org.apache.http.wire -  >> "Host: covid-19-coronavirus-statistics.p.rapidapi.com[\r][\n]"
20:55:28.765 [Test worker] DEBUG org.apache.http.wire -  >> "Connection: Keep-Alive[\r][\n]"
20:55:28.766 [Test worker] DEBUG org.apache.http.wire -  >> "User-Agent: Apache-HttpClient/4.5.13 (Java/11.0.15)[\r][\n]"
20:55:28.766 [Test worker] DEBUG org.apache.http.wire -  >> "Accept-Encoding: gzip,deflate[\r][\n]"
20:55:28.767 [Test worker] DEBUG org.apache.http.wire -  >> "[\r][\n]"
20:55:28.767 [Test worker] DEBUG org.apache.http.headers - >> GET /v1/total?country=Mexico HTTP/1.1
20:55:28.767 [Test worker] DEBUG org.apache.http.headers - >> X-RapidAPI-Host: covid-19-coronavirus-statistics.p.rapidapi.com
20:55:28.767 [Test worker] DEBUG org.apache.http.headers - >> Accept: */*
20:55:28.768 [Test worker] DEBUG org.apache.http.headers - >> X-RapidAPI-Key: d30d77bb95mshdb4af3149051b1bp1a1b2djsn9ae149a5c727
20:55:28.768 [Test worker] DEBUG org.apache.http.headers - >> Host: covid-19-coronavirus-statistics.p.rapidapi.com
20:55:28.768 [Test worker] DEBUG org.apache.http.headers - >> Connection: Keep-Alive
20:55:28.768 [Test worker] DEBUG org.apache.http.headers - >> User-Agent: Apache-HttpClient/4.5.13 (Java/11.0.15)
20:55:28.768 [Test worker] DEBUG org.apache.http.headers - >> Accept-Encoding: gzip,deflate
20:55:28.885 [Test worker] DEBUG org.apache.http.wire -  << "HTTP/1.1 200 OK[\r][\n]"
20:55:28.887 [Test worker] DEBUG org.apache.http.wire -  << "Content-Language: en[\r][\n]"
20:55:28.887 [Test worker] DEBUG org.apache.http.wire -  << "Content-Type: application/json; charset=utf-8[\r][\n]"
20:55:28.887 [Test worker] DEBUG org.apache.http.wire -  << "Date: Wed, 11 May 2022 01:55:29 GMT[\r][\n]"
20:55:28.887 [Test worker] DEBUG org.apache.http.wire -  << "Server: RapidAPI-1.2.8[\r][\n]"
20:55:28.888 [Test worker] DEBUG org.apache.http.wire -  << "X-Proxy-Cache: MISS[\r][\n]"
20:55:28.888 [Test worker] DEBUG org.apache.http.wire -  << "X-RapidAPI-Region: AWS - us-east-1[\r][\n]"
20:55:28.888 [Test worker] DEBUG org.apache.http.wire -  << "X-RapidAPI-Version: 1.2.8[\r][\n]"
20:55:28.889 [Test worker] DEBUG org.apache.http.wire -  << "Content-Length: 214[\r][\n]"
20:55:28.889 [Test worker] DEBUG org.apache.http.wire -  << "Connection: keep-alive[\r][\n]"
20:55:28.889 [Test worker] DEBUG org.apache.http.wire -  << "[\r][\n]"
20:55:28.890 [Test worker] DEBUG org.apache.http.impl.conn.DefaultClientConnection - Receiving response: HTTP/1.1 200 OK
20:55:28.890 [Test worker] DEBUG org.apache.http.headers - << HTTP/1.1 200 OK
20:55:28.890 [Test worker] DEBUG org.apache.http.headers - << Content-Language: en
20:55:28.890 [Test worker] DEBUG org.apache.http.headers - << Content-Type: application/json; charset=utf-8
20:55:28.890 [Test worker] DEBUG org.apache.http.headers - << Date: Wed, 11 May 2022 01:55:29 GMT
20:55:28.891 [Test worker] DEBUG org.apache.http.headers - << Server: RapidAPI-1.2.8
20:55:28.891 [Test worker] DEBUG org.apache.http.headers - << X-Proxy-Cache: MISS
20:55:28.891 [Test worker] DEBUG org.apache.http.headers - << X-RapidAPI-Region: AWS - us-east-1
20:55:28.891 [Test worker] DEBUG org.apache.http.headers - << X-RapidAPI-Version: 1.2.8
20:55:28.891 [Test worker] DEBUG org.apache.http.headers - << Content-Length: 214
20:55:28.891 [Test worker] DEBUG org.apache.http.headers - << Connection: keep-alive
20:55:28.892 [Test worker] DEBUG org.apache.http.impl.client.DefaultHttpClient - Connection can be kept alive indefinitely
20:55:28.894 [Test worker] DEBUG io.restassured.internal.RequestSpecificationImpl$RestAssuredHttpBuilder - Parsing response as: application/json; charset=utf-8
20:55:28.894 [Test worker] DEBUG io.restassured.internal.RequestSpecificationImpl$RestAssuredHttpBuilder - Parsed data to instance of: class org.apache.http.conn.EofSensorInputStream
20:55:28.900 [Test worker] DEBUG org.apache.http.wire -  << "{"error":false,"statusCode":200,"message":"OK","data":{"recovered":null,"deaths":324465,"confirmed":5745652,"lastChecked":"2022-05-11T00:58:08+00:00","lastReported":"2022-05-10T04:20:50+00:00","location":"Mexico"}}"
20:55:28.902 [Test worker] DEBUG org.apache.http.impl.conn.BasicClientConnectionManager - Releasing connection org.apache.http.impl.conn.ManagedClientConnectionImpl@34e07e65
20:55:28.902 [Test worker] DEBUG org.apache.http.impl.conn.BasicClientConnectionManager - Connection can be kept alive indefinitely
{"error":false,"statusCode":200,"message":"OK","data":{"recovered":null,"deaths":324465,"confirmed":5745652,"lastChecked":"2022-05-11T00:58:08+00:00","lastReported":"2022-05-10T04:20:50+00:00","location":"Mexico"}}
{"error":false,"statusCode":200,"message":"OK","data":{"recovered":null,"deaths":324465,"confirmed":5745652,"lastChecked":"2022-05-11T00:58:08+00:00","lastReported":"2022-05-10T04:20:50+00:00","location":"Mexico"}}
  ?[32mWhen ?[0m?[32mRober get the response?[0m                           ?[90m# com.iris.test.steps.GetStatisticsSteps.getTheResponse()?[0m
  ?[32mThen ?[0m?[32mRober validate the information?[0m                   ?[90m# com.iris.test.steps.GetStatisticsSteps.validateTheInformation()?[0m
20:55:28.954 [Test worker] INFO  - 
  _____   ___   ___   _____     ___     _     ___   ___   ___   ___  
 |_   _| | __| / __| |_   _|   | _ \   /_\   / __| / __| | __| |   \ 
   | |   | _|  \__ \   | |     |  _/  / _ \  \__ \ \__ \ | _|  | |) |
   |_|   |___| |___/   |_|     |_|   /_/ \_\ |___/ |___/ |___| |___/ 

Statistics Country
----------------------------------------------------------------------

@test1
Scenario Outline: Statistics Country                ?[90m# src/test/resources/features/CountryValidation.feature:13?[0m
20:55:28.966 [Test worker] INFO io.cucumber.core.plugin.SerenityReporter - Running feature from file:///C:/Users/Administrador/Desktop/ADL/Automatizacion/otros/prueba/src/test/resources/features/CountryValidation.feature
  ?[32mGiven ?[0m?[32mRober wanna know the statistics abouts ?[0m?[32m?[1m"US"?[0m ?[90m# com.iris.test.steps.GetStatisticsSteps.rober_wanna_know_the_statistics_abouts_countries(java.lang.String)?[0m
20:55:28.993 [Test worker] DEBUG org.apache.http.impl.conn.BasicClientConnectionManager - Get connection for route {s}->https://covid-19-coronavirus-statistics.p.rapidapi.com:443
20:55:28.993 [Test worker] DEBUG org.apache.http.impl.conn.DefaultClientConnectionOperator - Connecting to covid-19-coronavirus-statistics.p.rapidapi.com:443
20:55:29.520 [Test worker] DEBUG org.apache.http.client.protocol.RequestAddCookies - CookieSpec selected: ignoreCookies
20:55:29.520 [Test worker] DEBUG org.apache.http.client.protocol.RequestAuthCache - Auth cache not set in the context
20:55:29.521 [Test worker] DEBUG org.apache.http.client.protocol.RequestTargetAuthentication - Target auth state: UNCHALLENGED
20:55:29.521 [Test worker] DEBUG org.apache.http.client.protocol.RequestProxyAuthentication - Proxy auth state: UNCHALLENGED
20:55:29.522 [Test worker] DEBUG org.apache.http.impl.client.DefaultHttpClient - Attempt 1 to execute request
20:55:29.522 [Test worker] DEBUG org.apache.http.impl.conn.DefaultClientConnection - Sending request: GET /v1/total?country=US HTTP/1.1
20:55:29.523 [Test worker] DEBUG org.apache.http.wire -  >> "GET /v1/total?country=US HTTP/1.1[\r][\n]"
20:55:29.523 [Test worker] DEBUG org.apache.http.wire -  >> "X-RapidAPI-Host: covid-19-coronavirus-statistics.p.rapidapi.com[\r][\n]"
20:55:29.523 [Test worker] DEBUG org.apache.http.wire -  >> "Accept: */*[\r][\n]"
20:55:29.524 [Test worker] DEBUG org.apache.http.wire -  >> "X-RapidAPI-Key: d30d77bb95mshdb4af3149051b1bp1a1b2djsn9ae149a5c727[\r][\n]"
20:55:29.524 [Test worker] DEBUG org.apache.http.wire -  >> "Host: covid-19-coronavirus-statistics.p.rapidapi.com[\r][\n]"
20:55:29.524 [Test worker] DEBUG org.apache.http.wire -  >> "Connection: Keep-Alive[\r][\n]"
20:55:29.525 [Test worker] DEBUG org.apache.http.wire -  >> "User-Agent: Apache-HttpClient/4.5.13 (Java/11.0.15)[\r][\n]"
20:55:29.525 [Test worker] DEBUG org.apache.http.wire -  >> "Accept-Encoding: gzip,deflate[\r][\n]"
20:55:29.526 [Test worker] DEBUG org.apache.http.wire -  >> "[\r][\n]"
20:55:29.526 [Test worker] DEBUG org.apache.http.headers - >> GET /v1/total?country=US HTTP/1.1
20:55:29.526 [Test worker] DEBUG org.apache.http.headers - >> X-RapidAPI-Host: covid-19-coronavirus-statistics.p.rapidapi.com
20:55:29.526 [Test worker] DEBUG org.apache.http.headers - >> Accept: */*
20:55:29.527 [Test worker] DEBUG org.apache.http.headers - >> X-RapidAPI-Key: d30d77bb95mshdb4af3149051b1bp1a1b2djsn9ae149a5c727
20:55:29.527 [Test worker] DEBUG org.apache.http.headers - >> Host: covid-19-coronavirus-statistics.p.rapidapi.com
20:55:29.527 [Test worker] DEBUG org.apache.http.headers - >> Connection: Keep-Alive
20:55:29.527 [Test worker] DEBUG org.apache.http.headers - >> User-Agent: Apache-HttpClient/4.5.13 (Java/11.0.15)
20:55:29.528 [Test worker] DEBUG org.apache.http.headers - >> Accept-Encoding: gzip,deflate
20:55:29.698 [Test worker] DEBUG org.apache.http.wire -  << "HTTP/1.1 200 OK[\r][\n]"
20:55:29.698 [Test worker] DEBUG org.apache.http.wire -  << "Content-Language: en[\r][\n]"
20:55:29.698 [Test worker] DEBUG org.apache.http.wire -  << "Content-Type: application/json; charset=utf-8[\r][\n]"
20:55:29.698 [Test worker] DEBUG org.apache.http.wire -  << "Date: Wed, 11 May 2022 01:55:30 GMT[\r][\n]"
20:55:29.698 [Test worker] DEBUG org.apache.http.wire -  << "Server: RapidAPI-1.2.8[\r][\n]"
20:55:29.698 [Test worker] DEBUG org.apache.http.wire -  << "X-Proxy-Cache: MISS[\r][\n]"
20:55:29.698 [Test worker] DEBUG org.apache.http.wire -  << "X-RapidAPI-Region: AWS - us-east-1[\r][\n]"
20:55:29.699 [Test worker] DEBUG org.apache.http.wire -  << "X-RapidAPI-Version: 1.2.8[\r][\n]"
20:55:29.699 [Test worker] DEBUG org.apache.http.wire -  << "Content-Length: 211[\r][\n]"
20:55:29.699 [Test worker] DEBUG org.apache.http.wire -  << "Connection: keep-alive[\r][\n]"
20:55:29.699 [Test worker] DEBUG org.apache.http.wire -  << "[\r][\n]"
20:55:29.699 [Test worker] DEBUG org.apache.http.impl.conn.DefaultClientConnection - Receiving response: HTTP/1.1 200 OK
20:55:29.699 [Test worker] DEBUG org.apache.http.headers - << HTTP/1.1 200 OK
20:55:29.699 [Test worker] DEBUG org.apache.http.headers - << Content-Language: en
20:55:29.699 [Test worker] DEBUG org.apache.http.headers - << Content-Type: application/json; charset=utf-8
20:55:29.699 [Test worker] DEBUG org.apache.http.headers - << Date: Wed, 11 May 2022 01:55:30 GMT
20:55:29.699 [Test worker] DEBUG org.apache.http.headers - << Server: RapidAPI-1.2.8
20:55:29.699 [Test worker] DEBUG org.apache.http.headers - << X-Proxy-Cache: MISS
20:55:29.699 [Test worker] DEBUG org.apache.http.headers - << X-RapidAPI-Region: AWS - us-east-1
20:55:29.699 [Test worker] DEBUG org.apache.http.headers - << X-RapidAPI-Version: 1.2.8
20:55:29.699 [Test worker] DEBUG org.apache.http.headers - << Content-Length: 211
20:55:29.699 [Test worker] DEBUG org.apache.http.headers - << Connection: keep-alive
20:55:29.699 [Test worker] DEBUG org.apache.http.impl.client.DefaultHttpClient - Connection can be kept alive indefinitely
20:55:29.700 [Test worker] DEBUG io.restassured.internal.RequestSpecificationImpl$RestAssuredHttpBuilder - Parsing response as: application/json; charset=utf-8
20:55:29.700 [Test worker] DEBUG io.restassured.internal.RequestSpecificationImpl$RestAssuredHttpBuilder - Parsed data to instance of: class org.apache.http.conn.EofSensorInputStream
20:55:29.701 [Test worker] DEBUG org.apache.http.wire -  << "{"error":false,"statusCode":200,"message":"OK","data":{"recovered":null,"deaths":997740,"confirmed":81973661,"lastChecked":"2022-05-11T00:58:08+00:00","lastReported":"2022-05-10T04:20:50+00:00","location":"US"}}"
20:55:29.702 [Test worker] DEBUG org.apache.http.impl.conn.BasicClientConnectionManager - Releasing connection org.apache.http.impl.conn.ManagedClientConnectionImpl@5521407f
20:55:29.702 [Test worker] DEBUG org.apache.http.impl.conn.BasicClientConnectionManager - Connection can be kept alive indefinitely
{"error":false,"statusCode":200,"message":"OK","data":{"recovered":null,"deaths":997740,"confirmed":81973661,"lastChecked":"2022-05-11T00:58:08+00:00","lastReported":"2022-05-10T04:20:50+00:00","location":"US"}}
{"error":false,"statusCode":200,"message":"OK","data":{"recovered":null,"deaths":997740,"confirmed":81973661,"lastChecked":"2022-05-11T00:58:08+00:00","lastReported":"2022-05-10T04:20:50+00:00","location":"US"}}
  ?[32mWhen ?[0m?[32mRober get the response?[0m                       ?[90m# com.iris.test.steps.GetStatisticsSteps.getTheResponse()?[0m
  ?[32mThen ?[0m?[32mRober validate the information?[0m               ?[90m# com.iris.test.steps.GetStatisticsSteps.validateTheInformation()?[0m

@test1
Scenario Outline: Statistics Country                    ?[90m# src/test/resources/features/CountryValidation.feature:14?[0m
20:55:29.730 [Test worker] INFO io.cucumber.core.plugin.SerenityReporter - Running feature from file:///C:/Users/Administrador/Desktop/ADL/Automatizacion/otros/prueba/src/test/resources/features/CountryValidation.feature
  ?[32mGiven ?[0m?[32mRober wanna know the statistics abouts ?[0m?[32m?[1m"Canada"?[0m ?[90m# com.iris.test.steps.GetStatisticsSteps.rober_wanna_know_the_statistics_abouts_countries(java.lang.String)?[0m
20:55:29.767 [Finalizer] DEBUG org.apache.http.impl.conn.DefaultClientConnection - Connection 0.0.0.0:62041<->18.235.187.111:443 closed
20:55:29.771 [Finalizer] DEBUG org.apache.http.impl.conn.DefaultClientConnection - Connection 0.0.0.0:62043<->18.235.187.111:443 closed
20:55:29.779 [Test worker] DEBUG org.apache.http.impl.conn.BasicClientConnectionManager - Get connection for route {s}->https://covid-19-coronavirus-statistics.p.rapidapi.com:443
20:55:29.779 [Test worker] DEBUG org.apache.http.impl.conn.DefaultClientConnectionOperator - Connecting to covid-19-coronavirus-statistics.p.rapidapi.com:443
20:55:30.213 [Test worker] DEBUG org.apache.http.client.protocol.RequestAddCookies - CookieSpec selected: ignoreCookies
20:55:30.213 [Test worker] DEBUG org.apache.http.client.protocol.RequestAuthCache - Auth cache not set in the context
20:55:30.213 [Test worker] DEBUG org.apache.http.client.protocol.RequestTargetAuthentication - Target auth state: UNCHALLENGED
20:55:30.214 [Test worker] DEBUG org.apache.http.client.protocol.RequestProxyAuthentication - Proxy auth state: UNCHALLENGED
20:55:30.214 [Test worker] DEBUG org.apache.http.impl.client.DefaultHttpClient - Attempt 1 to execute request
20:55:30.215 [Test worker] DEBUG org.apache.http.impl.conn.DefaultClientConnection - Sending request: GET /v1/total?country=Canada HTTP/1.1
20:55:30.215 [Test worker] DEBUG org.apache.http.wire -  >> "GET /v1/total?country=Canada HTTP/1.1[\r][\n]"
20:55:30.215 [Test worker] DEBUG org.apache.http.wire -  >> "X-RapidAPI-Host: covid-19-coronavirus-statistics.p.rapidapi.com[\r][\n]"
20:55:30.216 [Test worker] DEBUG org.apache.http.wire -  >> "Accept: */*[\r][\n]"
20:55:30.216 [Test worker] DEBUG org.apache.http.wire -  >> "X-RapidAPI-Key: d30d77bb95mshdb4af3149051b1bp1a1b2djsn9ae149a5c727[\r][\n]"
20:55:30.216 [Test worker] DEBUG org.apache.http.wire -  >> "Host: covid-19-coronavirus-statistics.p.rapidapi.com[\r][\n]"
20:55:30.216 [Test worker] DEBUG org.apache.http.wire -  >> "Connection: Keep-Alive[\r][\n]"
20:55:30.217 [Test worker] DEBUG org.apache.http.wire -  >> "User-Agent: Apache-HttpClient/4.5.13 (Java/11.0.15)[\r][\n]"
20:55:30.217 [Test worker] DEBUG org.apache.http.wire -  >> "Accept-Encoding: gzip,deflate[\r][\n]"
20:55:30.217 [Test worker] DEBUG org.apache.http.wire -  >> "[\r][\n]"
20:55:30.217 [Test worker] DEBUG org.apache.http.headers - >> GET /v1/total?country=Canada HTTP/1.1
20:55:30.218 [Test worker] DEBUG org.apache.http.headers - >> X-RapidAPI-Host: covid-19-coronavirus-statistics.p.rapidapi.com
20:55:30.218 [Test worker] DEBUG org.apache.http.headers - >> Accept: */*
20:55:30.218 [Test worker] DEBUG org.apache.http.headers - >> X-RapidAPI-Key: d30d77bb95mshdb4af3149051b1bp1a1b2djsn9ae149a5c727
20:55:30.218 [Test worker] DEBUG org.apache.http.headers - >> Host: covid-19-coronavirus-statistics.p.rapidapi.com
20:55:30.218 [Test worker] DEBUG org.apache.http.headers - >> Connection: Keep-Alive
20:55:30.218 [Test worker] DEBUG org.apache.http.headers - >> User-Agent: Apache-HttpClient/4.5.13 (Java/11.0.15)
20:55:30.218 [Test worker] DEBUG org.apache.http.headers - >> Accept-Encoding: gzip,deflate
20:55:30.324 [Test worker] DEBUG org.apache.http.wire -  << "HTTP/1.1 200 OK[\r][\n]"
20:55:30.325 [Test worker] DEBUG org.apache.http.wire -  << "Content-Language: en[\r][\n]"
20:55:30.325 [Test worker] DEBUG org.apache.http.wire -  << "Content-Type: application/json; charset=utf-8[\r][\n]"
20:55:30.325 [Test worker] DEBUG org.apache.http.wire -  << "Date: Wed, 11 May 2022 01:55:30 GMT[\r][\n]"
20:55:30.325 [Test worker] DEBUG org.apache.http.wire -  << "Server: RapidAPI-1.2.8[\r][\n]"
20:55:30.325 [Test worker] DEBUG org.apache.http.wire -  << "X-Proxy-Cache: MISS[\r][\n]"
20:55:30.326 [Test worker] DEBUG org.apache.http.wire -  << "X-RapidAPI-Region: AWS - us-east-1[\r][\n]"
20:55:30.326 [Test worker] DEBUG org.apache.http.wire -  << "X-RapidAPI-Version: 1.2.8[\r][\n]"
20:55:30.326 [Test worker] DEBUG org.apache.http.wire -  << "Content-Length: 213[\r][\n]"
20:55:30.326 [Test worker] DEBUG org.apache.http.wire -  << "Connection: keep-alive[\r][\n]"
20:55:30.326 [Test worker] DEBUG org.apache.http.wire -  << "[\r][\n]"
20:55:30.327 [Test worker] DEBUG org.apache.http.impl.conn.DefaultClientConnection - Receiving response: HTTP/1.1 200 OK
20:55:30.327 [Test worker] DEBUG org.apache.http.headers - << HTTP/1.1 200 OK
20:55:30.327 [Test worker] DEBUG org.apache.http.headers - << Content-Language: en
20:55:30.327 [Test worker] DEBUG org.apache.http.headers - << Content-Type: application/json; charset=utf-8
20:55:30.327 [Test worker] DEBUG org.apache.http.headers - << Date: Wed, 11 May 2022 01:55:30 GMT
20:55:30.327 [Test worker] DEBUG org.apache.http.headers - << Server: RapidAPI-1.2.8
20:55:30.327 [Test worker] DEBUG org.apache.http.headers - << X-Proxy-Cache: MISS
20:55:30.327 [Test worker] DEBUG org.apache.http.headers - << X-RapidAPI-Region: AWS - us-east-1
20:55:30.327 [Test worker] DEBUG org.apache.http.headers - << X-RapidAPI-Version: 1.2.8
20:55:30.327 [Test worker] DEBUG org.apache.http.headers - << Content-Length: 213
20:55:30.328 [Test worker] DEBUG org.apache.http.headers - << Connection: keep-alive
20:55:30.328 [Test worker] DEBUG org.apache.http.impl.client.DefaultHttpClient - Connection can be kept alive indefinitely
20:55:30.329 [Test worker] DEBUG io.restassured.internal.RequestSpecificationImpl$RestAssuredHttpBuilder - Parsing response as: application/json; charset=utf-8
20:55:30.330 [Test worker] DEBUG io.restassured.internal.RequestSpecificationImpl$RestAssuredHttpBuilder - Parsed data to instance of: class org.apache.http.conn.EofSensorInputStream
20:55:30.334 [Test worker] DEBUG org.apache.http.wire -  << "{"error":false,"statusCode":200,"message":"OK","data":{"recovered":null,"deaths":39831,"confirmed":3810247,"lastChecked":"2022-05-11T00:58:08+00:00","lastReported":"2022-05-10T04:20:50+00:00","location":"Canada"}}"
20:55:30.335 [Test worker] DEBUG org.apache.http.impl.conn.BasicClientConnectionManager - Releasing connection org.apache.http.impl.conn.ManagedClientConnectionImpl@36eb8e07
20:55:30.335 [Test worker] DEBUG org.apache.http.impl.conn.BasicClientConnectionManager - Connection can be kept alive indefinitely
{"error":false,"statusCode":200,"message":"OK","data":{"recovered":null,"deaths":39831,"confirmed":3810247,"lastChecked":"2022-05-11T00:58:08+00:00","lastReported":"2022-05-10T04:20:50+00:00","location":"Canada"}}
{"error":false,"statusCode":200,"message":"OK","data":{"recovered":null,"deaths":39831,"confirmed":3810247,"lastChecked":"2022-05-11T00:58:08+00:00","lastReported":"2022-05-10T04:20:50+00:00","location":"Canada"}}
  ?[32mWhen ?[0m?[32mRober get the response?[0m                           ?[90m# com.iris.test.steps.GetStatisticsSteps.getTheResponse()?[0m
  ?[32mThen ?[0m?[32mRober validate the information?[0m                   ?[90m# com.iris.test.steps.GetStatisticsSteps.validateTheInformation()?[0m

@test1
Scenario Outline: Statistics Country                       ?[90m# src/test/resources/features/CountryValidation.feature:15?[0m
20:55:30.381 [Test worker] INFO io.cucumber.core.plugin.SerenityReporter - Running feature from file:///C:/Users/Administrador/Desktop/ADL/Automatizacion/otros/prueba/src/test/resources/features/CountryValidation.feature
  ?[32mGiven ?[0m?[32mRober wanna know the statistics abouts ?[0m?[32m?[1m"Venezuela"?[0m ?[90m# com.iris.test.steps.GetStatisticsSteps.rober_wanna_know_the_statistics_abouts_countries(java.lang.String)?[0m
20:55:30.397 [Test worker] DEBUG org.apache.http.impl.conn.BasicClientConnectionManager - Get connection for route {s}->https://covid-19-coronavirus-statistics.p.rapidapi.com:443
20:55:30.397 [Test worker] DEBUG org.apache.http.impl.conn.DefaultClientConnectionOperator - Connecting to covid-19-coronavirus-statistics.p.rapidapi.com:443
20:55:30.824 [Test worker] DEBUG org.apache.http.client.protocol.RequestAddCookies - CookieSpec selected: ignoreCookies
20:55:30.824 [Test worker] DEBUG org.apache.http.client.protocol.RequestAuthCache - Auth cache not set in the context
20:55:30.824 [Test worker] DEBUG org.apache.http.client.protocol.RequestTargetAuthentication - Target auth state: UNCHALLENGED
20:55:30.824 [Test worker] DEBUG org.apache.http.client.protocol.RequestProxyAuthentication - Proxy auth state: UNCHALLENGED
20:55:30.824 [Test worker] DEBUG org.apache.http.impl.client.DefaultHttpClient - Attempt 1 to execute request
20:55:30.825 [Test worker] DEBUG org.apache.http.impl.conn.DefaultClientConnection - Sending request: GET /v1/total?country=Venezuela HTTP/1.1
20:55:30.825 [Test worker] DEBUG org.apache.http.wire -  >> "GET /v1/total?country=Venezuela HTTP/1.1[\r][\n]"
20:55:30.825 [Test worker] DEBUG org.apache.http.wire -  >> "X-RapidAPI-Host: covid-19-coronavirus-statistics.p.rapidapi.com[\r][\n]"
20:55:30.825 [Test worker] DEBUG org.apache.http.wire -  >> "Accept: */*[\r][\n]"
20:55:30.825 [Test worker] DEBUG org.apache.http.wire -  >> "X-RapidAPI-Key: d30d77bb95mshdb4af3149051b1bp1a1b2djsn9ae149a5c727[\r][\n]"
20:55:30.826 [Test worker] DEBUG org.apache.http.wire -  >> "Host: covid-19-coronavirus-statistics.p.rapidapi.com[\r][\n]"
20:55:30.826 [Test worker] DEBUG org.apache.http.wire -  >> "Connection: Keep-Alive[\r][\n]"
20:55:30.826 [Test worker] DEBUG org.apache.http.wire -  >> "User-Agent: Apache-HttpClient/4.5.13 (Java/11.0.15)[\r][\n]"
20:55:30.826 [Test worker] DEBUG org.apache.http.wire -  >> "Accept-Encoding: gzip,deflate[\r][\n]"
20:55:30.826 [Test worker] DEBUG org.apache.http.wire -  >> "[\r][\n]"
20:55:30.826 [Test worker] DEBUG org.apache.http.headers - >> GET /v1/total?country=Venezuela HTTP/1.1
20:55:30.826 [Test worker] DEBUG org.apache.http.headers - >> X-RapidAPI-Host: covid-19-coronavirus-statistics.p.rapidapi.com
20:55:30.826 [Test worker] DEBUG org.apache.http.headers - >> Accept: */*
20:55:30.826 [Test worker] DEBUG org.apache.http.headers - >> X-RapidAPI-Key: d30d77bb95mshdb4af3149051b1bp1a1b2djsn9ae149a5c727
20:55:30.826 [Test worker] DEBUG org.apache.http.headers - >> Host: covid-19-coronavirus-statistics.p.rapidapi.com
20:55:30.826 [Test worker] DEBUG org.apache.http.headers - >> Connection: Keep-Alive
20:55:30.826 [Test worker] DEBUG org.apache.http.headers - >> User-Agent: Apache-HttpClient/4.5.13 (Java/11.0.15)
20:55:30.826 [Test worker] DEBUG org.apache.http.headers - >> Accept-Encoding: gzip,deflate
20:55:30.951 [Test worker] DEBUG org.apache.http.wire -  << "HTTP/1.1 200 OK[\r][\n]"
20:55:30.952 [Test worker] DEBUG org.apache.http.wire -  << "Content-Language: en[\r][\n]"
20:55:30.952 [Test worker] DEBUG org.apache.http.wire -  << "Content-Type: application/json; charset=utf-8[\r][\n]"
20:55:30.952 [Test worker] DEBUG org.apache.http.wire -  << "Date: Wed, 11 May 2022 01:55:31 GMT[\r][\n]"
20:55:30.952 [Test worker] DEBUG org.apache.http.wire -  << "Server: RapidAPI-1.2.8[\r][\n]"
20:55:30.953 [Test worker] DEBUG org.apache.http.wire -  << "X-Proxy-Cache: MISS[\r][\n]"
20:55:30.953 [Test worker] DEBUG org.apache.http.wire -  << "X-RapidAPI-Region: AWS - us-east-1[\r][\n]"
20:55:30.953 [Test worker] DEBUG org.apache.http.wire -  << "X-RapidAPI-Version: 1.2.8[\r][\n]"
20:55:30.953 [Test worker] DEBUG org.apache.http.wire -  << "Content-Length: 214[\r][\n]"
20:55:30.954 [Test worker] DEBUG org.apache.http.wire -  << "Connection: keep-alive[\r][\n]"
20:55:30.954 [Test worker] DEBUG org.apache.http.wire -  << "[\r][\n]"
20:55:30.954 [Test worker] DEBUG org.apache.http.impl.conn.DefaultClientConnection - Receiving response: HTTP/1.1 200 OK
20:55:30.954 [Test worker] DEBUG org.apache.http.headers - << HTTP/1.1 200 OK
20:55:30.954 [Test worker] DEBUG org.apache.http.headers - << Content-Language: en
20:55:30.955 [Test worker] DEBUG org.apache.http.headers - << Content-Type: application/json; charset=utf-8
20:55:30.955 [Test worker] DEBUG org.apache.http.headers - << Date: Wed, 11 May 2022 01:55:31 GMT
20:55:30.955 [Test worker] DEBUG org.apache.http.headers - << Server: RapidAPI-1.2.8
20:55:30.955 [Test worker] DEBUG org.apache.http.headers - << X-Proxy-Cache: MISS
20:55:30.955 [Test worker] DEBUG org.apache.http.headers - << X-RapidAPI-Region: AWS - us-east-1
20:55:30.955 [Test worker] DEBUG org.apache.http.headers - << X-RapidAPI-Version: 1.2.8
20:55:30.955 [Test worker] DEBUG org.apache.http.headers - << Content-Length: 214
20:55:30.955 [Test worker] DEBUG org.apache.http.headers - << Connection: keep-alive
20:55:30.956 [Test worker] DEBUG org.apache.http.impl.client.DefaultHttpClient - Connection can be kept alive indefinitely
20:55:30.957 [Test worker] DEBUG io.restassured.internal.RequestSpecificationImpl$RestAssuredHttpBuilder - Parsing response as: application/json; charset=utf-8
20:55:30.958 [Test worker] DEBUG io.restassured.internal.RequestSpecificationImpl$RestAssuredHttpBuilder - Parsed data to instance of: class org.apache.http.conn.EofSensorInputStream
20:55:30.962 [Test worker] DEBUG org.apache.http.wire -  << "{"error":false,"statusCode":200,"message":"OK","data":{"recovered":null,"deaths":5709,"confirmed":522749,"lastChecked":"2022-05-11T00:58:08+00:00","lastReported":"2022-05-10T04:20:50+00:00","location":"Venezuela"}}"
20:55:30.963 [Test worker] DEBUG org.apache.http.impl.conn.BasicClientConnectionManager - Releasing connection org.apache.http.impl.conn.ManagedClientConnectionImpl@3c82bac3
20:55:30.963 [Test worker] DEBUG org.apache.http.impl.conn.BasicClientConnectionManager - Connection can be kept alive indefinitely
{"error":false,"statusCode":200,"message":"OK","data":{"recovered":null,"deaths":5709,"confirmed":522749,"lastChecked":"2022-05-11T00:58:08+00:00","lastReported":"2022-05-10T04:20:50+00:00","location":"Venezuela"}}
{"error":false,"statusCode":200,"message":"OK","data":{"recovered":null,"deaths":5709,"confirmed":522749,"lastChecked":"2022-05-11T00:58:08+00:00","lastReported":"2022-05-10T04:20:50+00:00","location":"Venezuela"}}
  ?[32mWhen ?[0m?[32mRober get the response?[0m                              ?[90m# com.iris.test.steps.GetStatisticsSteps.getTheResponse()?[0m
  ?[32mThen ?[0m?[32mRober validate the information?[0m                      ?[90m# com.iris.test.steps.GetStatisticsSteps.validateTheInformation()?[0m

@test2
Scenario: Statistics Failed                               ?[90m# src/test/resources/features/CountryValidation.feature:18?[0m
20:55:31.012 [Test worker] INFO io.cucumber.core.plugin.SerenityReporter - Running feature from file:///C:/Users/Administrador/Desktop/ADL/Automatizacion/otros/prueba/src/test/resources/features/CountryValidation.feature
20:55:31.015 [Test worker] INFO  - 
  _____   ___   ___   _____     ___   _____     _     ___   _____   ___   ___  
 |_   _| | __| / __| |_   _|   / __| |_   _|   /_\   | _ \ |_   _| | __| |   \ 
   | |   | _|  \__ \   | |     \__ \   | |    / _ \  |   /   | |   | _|  | |) |
   |_|   |___| |___/   |_|     |___/   |_|   /_/ \_\ |_|_\   |_|   |___| |___/ 

Statistics Failed(validation-country;statistics-failed)
--------------------------------------------------------------------------------
  ?[32mGiven ?[0m?[32mRober wanna know the statistics abouts ?[0m?[32m?[1m"Colombia"?[0m ?[90m# com.iris.test.steps.GetStatisticsSteps.rober_wanna_know_the_statistics_abouts_countries(java.lang.String)?[0m
20:55:31.048 [Test worker] DEBUG org.apache.http.impl.conn.BasicClientConnectionManager - Get connection for route {s}->https://covid-19-coronavirus-statistics.p.rapidapi.com:443
20:55:31.049 [Test worker] DEBUG org.apache.http.impl.conn.DefaultClientConnectionOperator - Connecting to covid-19-coronavirus-statistics.p.rapidapi.com:443
20:55:31.635 [Test worker] DEBUG org.apache.http.client.protocol.RequestAddCookies - CookieSpec selected: ignoreCookies
20:55:31.635 [Test worker] DEBUG org.apache.http.client.protocol.RequestAuthCache - Auth cache not set in the context
20:55:31.636 [Test worker] DEBUG org.apache.http.client.protocol.RequestTargetAuthentication - Target auth state: UNCHALLENGED
20:55:31.636 [Test worker] DEBUG org.apache.http.client.protocol.RequestProxyAuthentication - Proxy auth state: UNCHALLENGED
20:55:31.636 [Test worker] DEBUG org.apache.http.impl.client.DefaultHttpClient - Attempt 1 to execute request
20:55:31.636 [Test worker] DEBUG org.apache.http.impl.conn.DefaultClientConnection - Sending request: GET /v1/total?country=Colombia HTTP/1.1
20:55:31.637 [Test worker] DEBUG org.apache.http.wire -  >> "GET /v1/total?country=Colombia HTTP/1.1[\r][\n]"
20:55:31.637 [Test worker] DEBUG org.apache.http.wire -  >> "X-RapidAPI-Host: covid-19-coronavirus-statistics.p.rapidapi.com[\r][\n]"
20:55:31.637 [Test worker] DEBUG org.apache.http.wire -  >> "Accept: */*[\r][\n]"
20:55:31.638 [Test worker] DEBUG org.apache.http.wire -  >> "Host: covid-19-coronavirus-statistics.p.rapidapi.com[\r][\n]"
20:55:31.638 [Test worker] DEBUG org.apache.http.wire -  >> "Connection: Keep-Alive[\r][\n]"
20:55:31.639 [Test worker] DEBUG org.apache.http.wire -  >> "User-Agent: Apache-HttpClient/4.5.13 (Java/11.0.15)[\r][\n]"
20:55:31.639 [Test worker] DEBUG org.apache.http.wire -  >> "Accept-Encoding: gzip,deflate[\r][\n]"
20:55:31.639 [Test worker] DEBUG org.apache.http.wire -  >> "[\r][\n]"
20:55:31.639 [Test worker] DEBUG org.apache.http.headers - >> GET /v1/total?country=Colombia HTTP/1.1
20:55:31.639 [Test worker] DEBUG org.apache.http.headers - >> X-RapidAPI-Host: covid-19-coronavirus-statistics.p.rapidapi.com
20:55:31.639 [Test worker] DEBUG org.apache.http.headers - >> Accept: */*
20:55:31.640 [Test worker] DEBUG org.apache.http.headers - >> Host: covid-19-coronavirus-statistics.p.rapidapi.com
20:55:31.640 [Test worker] DEBUG org.apache.http.headers - >> Connection: Keep-Alive
20:55:31.640 [Test worker] DEBUG org.apache.http.headers - >> User-Agent: Apache-HttpClient/4.5.13 (Java/11.0.15)
20:55:31.640 [Test worker] DEBUG org.apache.http.headers - >> Accept-Encoding: gzip,deflate
20:55:31.830 [Test worker] DEBUG org.apache.http.wire -  << "HTTP/1.1 401 Unauthorized[\r][\n]"
20:55:31.831 [Test worker] DEBUG org.apache.http.wire -  << "Content-Type: application/json[\r][\n]"
20:55:31.831 [Test worker] DEBUG org.apache.http.wire -  << "Date: Wed, 11 May 2022 01:55:32 GMT[\r][\n]"
20:55:31.831 [Test worker] DEBUG org.apache.http.wire -  << "Server: RapidAPI-1.2.8[\r][\n]"
20:55:31.832 [Test worker] DEBUG org.apache.http.wire -  << "X-RapidAPI-Proxy-Response: true[\r][\n]"
20:55:31.832 [Test worker] DEBUG org.apache.http.wire -  << "X-RapidAPI-Region: AWS - us-east-1[\r][\n]"
20:55:31.832 [Test worker] DEBUG org.apache.http.wire -  << "X-RapidAPI-Version: 1.2.8[\r][\n]"
20:55:31.832 [Test worker] DEBUG org.apache.http.wire -  << "Content-Length: 91[\r][\n]"
20:55:31.833 [Test worker] DEBUG org.apache.http.wire -  << "Connection: keep-alive[\r][\n]"
20:55:31.833 [Test worker] DEBUG org.apache.http.wire -  << "[\r][\n]"
20:55:31.833 [Test worker] DEBUG org.apache.http.impl.conn.DefaultClientConnection - Receiving response: HTTP/1.1 401 Unauthorized
20:55:31.833 [Test worker] DEBUG org.apache.http.headers - << HTTP/1.1 401 Unauthorized
20:55:31.833 [Test worker] DEBUG org.apache.http.headers - << Content-Type: application/json
20:55:31.834 [Test worker] DEBUG org.apache.http.headers - << Date: Wed, 11 May 2022 01:55:32 GMT
20:55:31.834 [Test worker] DEBUG org.apache.http.headers - << Server: RapidAPI-1.2.8
20:55:31.834 [Test worker] DEBUG org.apache.http.headers - << X-RapidAPI-Proxy-Response: true
20:55:31.834 [Test worker] DEBUG org.apache.http.headers - << X-RapidAPI-Region: AWS - us-east-1
20:55:31.834 [Test worker] DEBUG org.apache.http.headers - << X-RapidAPI-Version: 1.2.8
20:55:31.834 [Test worker] DEBUG org.apache.http.headers - << Content-Length: 91
20:55:31.834 [Test worker] DEBUG org.apache.http.headers - << Connection: keep-alive
20:55:31.835 [Test worker] DEBUG org.apache.http.impl.client.DefaultHttpClient - Connection can be kept alive indefinitely
20:55:31.835 [Test worker] DEBUG org.apache.http.impl.client.DefaultHttpClient - Authentication required
20:55:31.836 [Test worker] DEBUG org.apache.http.impl.client.DefaultHttpClient - covid-19-coronavirus-statistics.p.rapidapi.com:443 requested authentication
20:55:31.836 [Test worker] DEBUG org.apache.http.impl.client.DefaultHttpClient - Response contains no authentication challenges
20:55:31.839 [Test worker] DEBUG io.restassured.internal.RequestSpecificationImpl$RestAssuredHttpBuilder - Parsing response as: application/json
20:55:31.840 [Test worker] DEBUG io.restassured.internal.RequestSpecificationImpl$RestAssuredHttpBuilder - Parsed data to instance of: class org.apache.http.conn.EofSensorInputStream
20:55:31.846 [Test worker] DEBUG org.apache.http.wire -  << "{"message":"Invalid API key. Go to https:\/\/docs.rapidapi.com\/docs\/keys for more info."}"
20:55:31.847 [Test worker] DEBUG org.apache.http.impl.conn.BasicClientConnectionManager - Releasing connection org.apache.http.impl.conn.ManagedClientConnectionImpl@2e030cc1
20:55:31.847 [Test worker] DEBUG org.apache.http.impl.conn.BasicClientConnectionManager - Connection can be kept alive indefinitely

  ?[32mWhen ?[0m?[32mRober get the failed response?[0m                      ?[90m# com.iris.test.steps.GetStatisticsSteps.getFailedResponse()?[0m
  ?[32mThen ?[0m?[32mRober can not get information?[0m                      ?[90m# com.iris.test.steps.GetStatisticsSteps.canNotGetInformation()?[0m
20:55:31.866 [Test worker] INFO  - 
  _____   ___   ___   _____     ___     _     ___   ___   ___   ___  
 |_   _| | __| / __| |_   _|   | _ \   /_\   / __| / __| | __| |   \ 
   | |   | _|  \__ \   | |     |  _/  / _ \  \__ \ \__ \ | _|  | |) |
   |_|   |___| |___/   |_|     |_|   /_/ \_\ |___/ |___/ |___| |___/ 

Statistics Failed
----------------------------------------------------------------------
]]></system-out>
  <system-err><![CDATA[]]></system-err>
</testsuite>
