<?xml version="1.0" encoding="UTF-8"?>
<testsuite name="com.iris.test.runners.ValidateRunner" tests="0" skipped="0" failures="0" errors="0" timestamp="1970-01-01T00:00:00" hostname="W10-4PMPVPSLLVA" time="0.0">
  <properties/>
  <system-out><![CDATA[20:55:21.419 [Test worker] INFO io.cucumber.core.plugin.SerenityReporter - Running feature from file:///C:/Users/Administrador/Desktop/ADL/Automatizacion/otros/prueba/src/test/resources/features/CountryValidation.feature
20:55:21.624 [Test worker] INFO  - 

-------------------------------------------------------------------------------------
     _______. _______ .______       _______ .__   __.  __  .___________.____    ____ 
    /       ||   ____||   _  \     |   ____||  \ |  | |  | |           |\   \  /   / 
   |   (----`|  |__   |  |_)  |    |  |__   |   \|  | |  | `---|  |----` \   \/   /  
    \   \    |   __|  |      /     |   __|  |  . `  | |  |     |  |       \_    _/   
.----)   |   |  |____ |  |\  \----.|  |____ |  |\   | |  |     |  |         |  |     
|_______/    |_______|| _| `._____||_______||__| \__| |__|     |__|         |__|    
                                                                                     
 News and tutorials at http://www.serenity-bdd.info                                  
 Documentation at https://wakaleo.gitbooks.io/the-serenity-book/content/             
 Join the Serenity Community on Gitter: https://gitter.im/serenity-bdd/serenity-core 
 Serenity BDD Support and Training at http://serenity-bdd.info/#/trainingandsupport  
-------------------------------------------------------------------------------------

20:55:21.629 [Test worker] DEBUG net.thucydides.core.steps.StepEventBus - Test suite started for story net.thucydides.core.model.Story@bb0a9295
20:55:21.633 [Test worker] INFO  - Test Suite Started: Validation Country
20:55:21.652 [Test worker] INFO io.cucumber.core.plugin.SerenityReporter - Running feature from file:///C:/Users/Administrador/Desktop/ADL/Automatizacion/otros/prueba/src/test/resources/features/CountryValidation.feature
20:55:21.656 [Test worker] DEBUG net.thucydides.core.steps.StepEventBus - Test suite started for story net.thucydides.core.model.Story@bb0a9295
20:55:21.657 [Test worker] INFO  - Test Suite Started: Validation Country
20:55:31.872 [Test worker] DEBUG net.thucydides.core.reports.ReportService - Reporting formats: [JSON, HTML]
20:55:31.981 [Test worker] DEBUG net.thucydides.core.reports.ReportService - Reporting formats: [JSON, HTML]
20:55:31.995 [Test worker] DEBUG net.thucydides.core.reports.ReportService - Generating reports for 2 test outcomes using: net.thucydides.core.reports.json.JSONTestOutcomeReporter@1bf10539
20:55:31.997 [pool-1-thread-2] DEBUG net.thucydides.core.reports.ReportService - Processing test outcome Validation Country:Statistics Failed
20:55:31.997 [pool-1-thread-1] DEBUG net.thucydides.core.reports.ReportService - Processing test outcome Validation Country:Statistics Country
20:55:31.998 [pool-1-thread-2] DEBUG net.thucydides.core.reports.ReportService - net.thucydides.core.reports.json.JSONTestOutcomeReporter@1bf10539: Generating report for test outcome: Validation Country:Statistics Failed
20:55:31.998 [pool-1-thread-1] DEBUG net.thucydides.core.reports.ReportService - net.thucydides.core.reports.json.JSONTestOutcomeReporter@1bf10539: Generating report for test outcome: Validation Country:Statistics Country
20:55:32.010 [pool-1-thread-1] DEBUG net.thucydides.core.reports.json.JSONTestOutcomeReporter - Generating JSON report for Statistics Country to file C:\Users\Administrador\Desktop\ADL\Automatizacion\otros\prueba\target\site\serenity\7e639d70643fd9c188830b3e59b87056a7f39f373cdd018143c15384e155423f.json (using temp file C:\Users\Administrador\Desktop\ADL\Automatizacion\otros\prueba\target\site\serenity\7e639d70643fd9c188830b3e59b87056a7f39f373cdd018143c15384e155423f.json38683ea0-5a82-46fa-b9db-fc12a0a2c079)
20:55:32.011 [pool-1-thread-2] DEBUG net.thucydides.core.reports.json.JSONTestOutcomeReporter - Generating JSON report for Statistics Failed to file C:\Users\Administrador\Desktop\ADL\Automatizacion\otros\prueba\target\site\serenity\1f920145971b01c6c3692c06f3390f5684e62836099795923a6f82f96876b967.json (using temp file C:\Users\Administrador\Desktop\ADL\Automatizacion\otros\prueba\target\site\serenity\1f920145971b01c6c3692c06f3390f5684e62836099795923a6f82f96876b967.json6d01071d-f166-4a46-9c2a-e798ea544aaa)
20:55:32.053 [pool-1-thread-2] DEBUG net.thucydides.core.reports.ReportService - Processing test outcome Validation Country:Statistics Failed done
20:55:32.061 [pool-1-thread-1] DEBUG net.thucydides.core.reports.ReportService - Processing test outcome Validation Country:Statistics Country done
20:55:32.061 [Test worker] DEBUG net.thucydides.core.reports.ReportService - Shutting down executor service
20:55:32.061 [Test worker] DEBUG net.thucydides.core.reports.ReportService - Reports generated in: 66 ms
20:55:32.061 [Test worker] DEBUG net.thucydides.core.reports.ReportService - Generating reports for 2 test outcomes using: net.thucydides.core.reports.html.HtmlAcceptanceTestReporter@f60c14e
20:55:32.063 [pool-2-thread-1] DEBUG net.thucydides.core.reports.ReportService - Processing test outcome Validation Country:Statistics Country
20:55:32.063 [pool-2-thread-1] DEBUG net.thucydides.core.reports.ReportService - net.thucydides.core.reports.html.HtmlAcceptanceTestReporter@f60c14e: Generating report for test outcome: Validation Country:Statistics Country
20:55:32.063 [pool-2-thread-2] DEBUG net.thucydides.core.reports.ReportService - Processing test outcome Validation Country:Statistics Failed
20:55:32.063 [pool-2-thread-2] DEBUG net.thucydides.core.reports.ReportService - net.thucydides.core.reports.html.HtmlAcceptanceTestReporter@f60c14e: Generating report for test outcome: Validation Country:Statistics Failed
20:55:32.102 [pool-2-thread-1] DEBUG net.thucydides.core.requirements.model.cucumber.CucumberParser - Added feature Validation Country
20:55:32.102 [pool-2-thread-2] DEBUG net.thucydides.core.requirements.model.cucumber.CucumberParser - Added feature Validation Country
20:55:32.219 [pool-2-thread-1] DEBUG serenity.reporting - Generating report in 7e639d70643fd9c188830b3e59b87056a7f39f373cdd018143c15384e155423f.html
20:55:32.219 [pool-2-thread-2] DEBUG serenity.reporting - Generating report in 1f920145971b01c6c3692c06f3390f5684e62836099795923a6f82f96876b967.html
20:55:32.442 [Finalizer] DEBUG org.apache.http.impl.conn.DefaultClientConnection - Connection 0.0.0.0:62045<->18.235.187.111:443 closed
20:55:32.444 [Finalizer] DEBUG org.apache.http.impl.conn.DefaultClientConnection - Connection 0.0.0.0:62044<->18.235.187.111:443 closed
20:55:32.446 [Finalizer] DEBUG org.apache.http.impl.conn.DefaultClientConnection - Connection 0.0.0.0:62047<->18.235.187.111:443 closed
20:55:32.796 [pool-2-thread-2] DEBUG serenity.reporting - Generated report 1f920145971b01c6c3692c06f3390f5684e62836099795923a6f82f96876b967.html in 577 ms
20:55:32.796 [pool-2-thread-2] DEBUG net.thucydides.core.reports.ReportService - Processing test outcome Validation Country:Statistics Failed done
20:55:32.830 [pool-2-thread-1] DEBUG serenity.reporting - Generated report 7e639d70643fd9c188830b3e59b87056a7f39f373cdd018143c15384e155423f.html in 611 ms
20:55:32.830 [pool-2-thread-1] DEBUG net.thucydides.core.reports.ReportService - Processing test outcome Validation Country:Statistics Country done
20:55:32.830 [Test worker] DEBUG net.thucydides.core.reports.ReportService - Shutting down executor service
20:55:32.830 [Test worker] DEBUG net.thucydides.core.reports.ReportService - Reports generated in: 768 ms
20:55:32.997 [Test worker] INFO io.cucumber.core.plugin.SerenityReporter - Cleanup test resources for URI file:///C:/Users/Administrador/Desktop/ADL/Automatizacion/otros/prueba/src/test/resources/features/CountryValidation.feature
]]></system-out>
  <system-err><![CDATA[]]></system-err>
</testsuite>
